2026/02/27 22:12:38 shinsakuto Arbiter operational (PID 70741)
2026/02/27 22:12:38 [API] Server listening on 0.0.0.0:8080
2026/02/27 22:12:38 [Watcher] CRITICAL: Scheduler unreachable at http://localhost:8081/v1/sync-all: Post "http://localhost:8081/v1/sync-all": dial tcp [::1]:8081: connect: connection refused
2026/02/27 22:13:08 [Watcher] Periodic sync triggered
2026/02/27 22:13:08 [Watcher] CRITICAL: Scheduler unreachable at http://localhost:8081/v1/sync-all: Post "http://localhost:8081/v1/sync-all": dial tcp [::1]:8081: connect: connection refused
2026/02/27 22:13:38 [Watcher] Periodic sync triggered
2026/02/27 22:13:38 [Watcher] CRITICAL: Scheduler unreachable at http://localhost:8081/v1/sync-all: Post "http://localhost:8081/v1/sync-all": dial tcp [::1]:8081: connect: connection refused
2026/02/27 22:13:52 [Watcher] Hot Reload triggered by change in: etc/shinsakuto/conf.d/hosts/svr1.yml
2026/02/27 22:13:52 [Watcher] CRITICAL: Scheduler unreachable at http://localhost:8081/v1/sync-all: Post "http://localhost:8081/v1/sync-all": dial tcp [::1]:8081: connect: connection refused
2026/02/27 22:14:03 [API] Shutting down...
2026/02/27 22:14:03 Arbiter stopped.
2026/02/27 22:14:37 shinsakuto Arbiter operational (PID 73993)
2026/02/27 22:14:37 [API] Server listening on 0.0.0.0:8080
2026/02/27 22:14:37 [Watcher] CRITICAL: Scheduler unreachable at http://localhost:8081/v1/sync-all: Post "http://localhost:8081/v1/sync-all": dial tcp [::1]:8081: connect: connection refused
2026/02/27 22:15:00 [API] Shutting down...
2026/02/27 22:15:00 Arbiter stopped.
2026/02/27 22:15:04 shinsakuto Arbiter operational (PID 75202)
2026/02/27 22:15:04 [API] Server listening on 0.0.0.0:8080
2026/02/27 22:15:04 [Watcher] CRITICAL: Scheduler unreachable at http://localhost:8081/v1/sync-all: Post "http://localhost:8081/v1/sync-all": dial tcp [::1]:8081: connect: connection refused
2026/02/27 22:15:15 [API] Shutting down...
2026/02/27 22:15:15 Arbiter stopped.
2026/02/27 22:17:38 shinsakuto Arbiter operational (PID 78768)
2026/02/27 22:17:38 [API] Server listening on 0.0.0.0:8080
2026/02/27 22:17:38 [Watcher] CRITICAL: Scheduler unreachable at http://localhost:8081/v1/sync-all: Post "http://localhost:8081/v1/sync-all": dial tcp [::1]:8081: connect: connection refused
2026/02/27 22:17:41 [Watcher] CRITICAL: Scheduler unreachable at http://localhost:8081/v1/sync-all: Post "http://localhost:8081/v1/sync-all": dial tcp [::1]:8081: connect: connection refused
2026/02/27 22:18:08 [Watcher] Periodic sync triggered
2026/02/27 22:18:08 [Watcher] CRITICAL: Scheduler unreachable at http://localhost:8081/v1/sync-all: Post "http://localhost:8081/v1/sync-all": dial tcp [::1]:8081: connect: connection refused
2026/02/27 22:18:38 [Watcher] Periodic sync triggered
2026/02/27 22:18:38 [Watcher] CRITICAL: Scheduler unreachable at http://localhost:8081/v1/sync-all: Post "http://localhost:8081/v1/sync-all": dial tcp [::1]:8081: connect: connection refused
2026/02/27 22:18:54 [API] Shutting down...
2026/02/27 22:18:54 Arbiter stopped.
